<?xml version="1.0" encoding="UTF-8"?>
<!-- Generated by org.testng.reporters.JUnitXMLReporter -->
<testsuite ignored="0" hostname="fdbccbae305176273efeecefdccebaone-0" failures="0" tests="3" name="Surefire test" time="57.129" errors="0" timestamp="2023-09-16T07:39:25 UTC">
  <testcase classname="runner.Testcase1" name="Register" time="11.276"/>
  <testcase classname="runner.Testcase1" name="Valid_Login_TC" time="2.079"/>
  <testcase classname="runner.Testcase1" name="WithdrawTest" time="9.56"/>
</testsuite> <!-- Surefire test -->
