<?xml version="1.0" encoding="UTF-8"?>
<!-- Generated by org.testng.reporters.JUnitXMLReporter -->
<testsuite ignored="0" hostname="fdbccbae305176273efeecefdccebaone-0" failures="0" tests="3" name="Surefire test" time="30.122" errors="0" timestamp="2023-09-16T07:42:50 UTC">
  <testcase classname="runner.Testcase1" name="Register" time="10.703"/>
  <testcase classname="runner.Testcase1" name="Valid_Login_TC" time="1.925"/>
  <testcase classname="runner.Testcase1" name="WithdrawTest" time="8.286"/>
</testsuite> <!-- Surefire test -->
