<?xml version="1.0" encoding="UTF-8"?>
<testng-results ignored="0" total="3" passed="3" failed="0" skipped="0">
  <reporter-output>
  </reporter-output>
  <suite started-at="2023-09-16T07:42:20 UTC" name="Surefire suite" finished-at="2023-09-16T07:42:50 UTC" duration-ms="30122">
    <groups>
    </groups>
    <test started-at="2023-09-16T07:42:20 UTC" name="Surefire test" finished-at="2023-09-16T07:42:50 UTC" duration-ms="30122">
      <class name="runner.Testcase1">
        <test-method is-config="true" signature="beforeMethod()[pri:0, instance:runner.Testcase1@54c5a2ff]" started-at="2023-09-16T07:42:20 UTC" name="beforeMethod" finished-at="2023-09-16T07:42:24 UTC" duration-ms="3550" status="PASS">
          <reporter-output>
          </reporter-output>
        </test-method> <!-- beforeMethod -->
        <test-method signature="Register(java.lang.String,java.lang.String,java.lang.String,java.lang.String)[pri:1, instance:runner.Testcase1@54c5a2ff]" started-at="2023-09-16T07:42:24 UTC" name="Register" data-provider="testData" finished-at="2023-09-16T07:42:35 UTC" duration-ms="10703" status="PASS">
          <params>
            <param index="0">
              <value>
                <![CDATA[S@gmail.com]]>
              </value>
            </param>
            <param index="1">
              <value>
                <![CDATA[P@ssword12]]>
              </value>
            </param>
            <param index="2">
              <value>
                <![CDATA[5000]]>
              </value>
            </param>
            <param index="3">
              <value>
                <![CDATA[3000]]>
              </value>
            </param>
          </params>
          <reporter-output>
          </reporter-output>
        </test-method> <!-- Register -->
        <test-method is-config="true" signature="afterMethod()[pri:0, instance:runner.Testcase1@54c5a2ff]" started-at="2023-09-16T07:42:35 UTC" name="afterMethod" finished-at="2023-09-16T07:42:35 UTC" duration-ms="408" status="PASS">
          <reporter-output>
          </reporter-output>
        </test-method> <!-- afterMethod -->
        <test-method is-config="true" signature="beforeMethod()[pri:0, instance:runner.Testcase1@54c5a2ff]" started-at="2023-09-16T07:42:35 UTC" name="beforeMethod" finished-at="2023-09-16T07:42:37 UTC" duration-ms="2165" status="PASS">
          <reporter-output>
          </reporter-output>
        </test-method> <!-- beforeMethod -->
        <test-method signature="Valid_Login_TC(java.lang.String,java.lang.String,java.lang.String,java.lang.String)[pri:2, instance:runner.Testcase1@54c5a2ff]" started-at="2023-09-16T07:42:37 UTC" name="Valid_Login_TC" data-provider="testData" finished-at="2023-09-16T07:42:39 UTC" duration-ms="1925" status="PASS">
          <params>
            <param index="0">
              <value>
                <![CDATA[S@gmail.com]]>
              </value>
            </param>
            <param index="1">
              <value>
                <![CDATA[P@ssword12]]>
              </value>
            </param>
            <param index="2">
              <value>
                <![CDATA[5000]]>
              </value>
            </param>
            <param index="3">
              <value>
                <![CDATA[3000]]>
              </value>
            </param>
          </params>
          <reporter-output>
          </reporter-output>
        </test-method> <!-- Valid_Login_TC -->
        <test-method is-config="true" signature="afterMethod()[pri:0, instance:runner.Testcase1@54c5a2ff]" started-at="2023-09-16T07:42:39 UTC" name="afterMethod" finished-at="2023-09-16T07:42:39 UTC" duration-ms="120" status="PASS">
          <reporter-output>
          </reporter-output>
        </test-method> <!-- afterMethod -->
        <test-method is-config="true" signature="beforeMethod()[pri:0, instance:runner.Testcase1@54c5a2ff]" started-at="2023-09-16T07:42:39 UTC" name="beforeMethod" finished-at="2023-09-16T07:42:42 UTC" duration-ms="2133" status="PASS">
          <reporter-output>
          </reporter-output>
        </test-method> <!-- beforeMethod -->
        <test-method signature="WithdrawTest(java.lang.String,java.lang.String,java.lang.String,java.lang.String)[pri:3, instance:runner.Testcase1@54c5a2ff]" started-at="2023-09-16T07:42:42 UTC" name="WithdrawTest" data-provider="testData" finished-at="2023-09-16T07:42:50 UTC" duration-ms="8286" status="PASS">
          <params>
            <param index="0">
              <value>
                <![CDATA[S@gmail.com]]>
              </value>
            </param>
            <param index="1">
              <value>
                <![CDATA[P@ssword12]]>
              </value>
            </param>
            <param index="2">
              <value>
                <![CDATA[5000]]>
              </value>
            </param>
            <param index="3">
              <value>
                <![CDATA[3000]]>
              </value>
            </param>
          </params>
          <reporter-output>
          </reporter-output>
        </test-method> <!-- WithdrawTest -->
        <test-method is-config="true" signature="afterMethod()[pri:0, instance:runner.Testcase1@54c5a2ff]" started-at="2023-09-16T07:42:50 UTC" name="afterMethod" finished-at="2023-09-16T07:42:50 UTC" duration-ms="128" status="PASS">
          <reporter-output>
          </reporter-output>
        </test-method> <!-- afterMethod -->
      </class> <!-- runner.Testcase1 -->
    </test> <!-- Surefire test -->
  </suite> <!-- Surefire suite -->
</testng-results>
